[INFO] Disabling enhanced local repository: using legacy is strongly discouraged to ensure build reproducibility.
[INFO] Scanning for projects...
[INFO] 
[INFO] --------------< org.example.sample_maven.job:sample_job >---------------
[INFO] Building SAMPLE_MAVEN sample_job-0.1.0 (0.1,Job Designs) 0.1.0
[INFO] --------------------------------[ jar ]---------------------------------
[WARNING] The POM for org.apache.commons:commons-lang3:jar:3.8.1 is missing, no dependency information available
[WARNING] The POM for org.apache.logging.log4j:log4j-api:jar:2.12.1 is missing, no dependency information available
[WARNING] The POM for org.apache.logging.log4j:log4j-core:jar:2.12.1 is missing, no dependency information available
[WARNING] The POM for org.apache.logging.log4j:log4j-slf4j-impl:jar:2.12.1 is missing, no dependency information available
[INFO] 
[INFO] --- builder-maven-plugin:7.3.5:generate (default) @ sample_job ---
[INFO] Skipping ci-builder
[INFO] 
[INFO] --- maven-resources-plugin:3.0.2:resources (default-resources) @ sample_job ---
[WARNING] Using platform encoding (UTF-8 actually) to copy filtered resources, i.e. build is platform dependent!
[INFO] Copying 1 resource
[INFO] 
[INFO] --- maven-compiler-plugin:3.6.1:compile (default-compile) @ sample_job ---
[WARNING] The POM for org.eclipse.platform:org.eclipse.osgi:jar:3.13.300 is missing, no dependency information available
[WARNING] The POM for org.apache.commons:commons-exec:jar:1.2 is missing, no dependency information available
[INFO] Not compiling main sources
[INFO] 
[INFO] --- maven-resources-plugin:3.0.2:testResources (default-testResources) @ sample_job ---
[INFO] Not copying test resources
[INFO] 
[INFO] --- maven-compiler-plugin:3.6.1:testCompile (default-testCompile) @ sample_job ---
[INFO] Not compiling test sources
[INFO] 
[INFO] --- maven-surefire-plugin:2.12.4:test (default-test) @ sample_job ---
[INFO] Tests are skipped.
[INFO] 
[INFO] --- maven-jar-plugin:3.0.2:jar (default-jar) @ sample_job ---
[INFO] Building jar: C:\Users\Solvento\workspace\SAMPLE_MAVEN\poms\jobs\process\sample_job_0.1\target\sample_job_0_1.jar
[INFO] 
[INFO] --- maven-assembly-plugin:3.0.0:single (default) @ sample_job ---
[INFO] Reading assembly descriptor: C:\Users\Solvento\workspace\SAMPLE_MAVEN\poms\jobs\process\sample_job_0.1/src/main/assemblies/assembly.xml
[WARNING] Missing POM for org.apache.commons:commons-lang3:jar:3.8.1
[WARNING] Missing POM for org.apache.logging.log4j:log4j-api:jar:2.12.1
[WARNING] Missing POM for org.apache.logging.log4j:log4j-core:jar:2.12.1
[WARNING] Missing POM for org.apache.logging.log4j:log4j-slf4j-impl:jar:2.12.1
[INFO] Building zip: C:\Users\Solvento\workspace\SAMPLE_MAVEN\poms\jobs\process\sample_job_0.1\target\sample_job_0_1.zip
[INFO] 
[INFO] --- signer-maven-plugin:7.3.1:sign (sign) @ sample_job ---
[INFO] Start to sign the job artifact
[INFO] Start to sign artifact, the source file is sample_job_0_1.zip and target file is sample_job_0_1_sign_.zip
[INFO] ------------------------------------------------------------------------
[INFO] BUILD SUCCESS
[INFO] ------------------------------------------------------------------------
[INFO] Total time: 4.946 s
[INFO] Finished at: 2021-09-24T10:35:29+08:00
[INFO] ------------------------------------------------------------------------
